<?xml version="1.0" encoding="UTF-8"?>
<testsuite name="SolutionTest" tests="1" skipped="0" failures="0" errors="0" timestamp="2021-02-09T14:47:40" hostname="Ruanggurus-MacBook-Pro.local" time="0.001">
  <properties/>
  <testcase name="testTransformString2" classname="SolutionTest" time="0.001"/>
  <system-out><![CDATA[]]></system-out>
  <system-err><![CDATA[]]></system-err>
</testsuite>
